<?xml version="1.0" encoding="UTF-8" standalone="no"?><component name="libraryTable"><library name="junit"><CLASSES><root url="file://$PROJECT_DIR$/../lib/junit"/></CLASSES><JAVADOC/><SOURCES><root url="file://$PROJECT_DIR$/../lib/junit"/></SOURCES><jarDirectory recursive="false" url="file://$PROJECT_DIR$/../lib/junit"/><jarDirectory recursive="false" type="SOURCES" url="file://$PROJECT_DIR$/../lib/junit"/></library></component>